<?xml version="1.0" encoding="UTF-8"?>
<robot generator="Robot 3.2.2 (Python 3.7.7 on win32)" generated="20220331 11:36:02.811" rpa="false">
<suite id="s1" name="Automationopenhrm" source="C:\Users\dennypc\eclipse-workspace\automationopenhrm">
<suite id="s1-s1" name="Test" source="C:\Users\dennypc\eclipse-workspace\automationopenhrm\test">
<suite id="s1-s1-s1" name="Regression" source="C:\Users\dennypc\eclipse-workspace\automationopenhrm\test\regression.robot">
<kw name="open chrome browser" library="commons" type="setup">
<kw name="Open Browser" library="SeleniumLibrary">
<doc>Opens a new browser instance to the optional ``url``.</doc>
<arguments>
<arg>${url}</arg>
<arg>${browser}</arg>
</arguments>
<msg timestamp="20220331 11:36:03.385" level="INFO">Opening browser 'chrome' to base url 'https://opensource-demo.orangehrmlive.com/'.</msg>
<status status="PASS" starttime="20220331 11:36:03.384" endtime="20220331 11:36:09.916"></status>
</kw>
<kw name="Maximize Browser Window" library="SeleniumLibrary">
<doc>Maximizes current browser window.</doc>
<status status="PASS" starttime="20220331 11:36:09.917" endtime="20220331 11:36:10.041"></status>
</kw>
<status status="PASS" starttime="20220331 11:36:03.382" endtime="20220331 11:36:10.042"></status>
</kw>
<test id="s1-s1-s1-t1" name="as a user i could not login with invalid credential">
<kw name="input username" library="home_Logic">
<arguments>
<arg>${username}</arg>
</arguments>
<kw name="Wait Until Element Is Visible" library="SeleniumLibrary">
<doc>Waits until the element ``locator`` is visible.</doc>
<arguments>
<arg>${txt_username}</arg>
<arg>${timeout}</arg>
</arguments>
<status status="PASS" starttime="20220331 11:36:10.044" endtime="20220331 11:36:10.077"></status>
</kw>
<kw name="Input Text" library="SeleniumLibrary">
<doc>Types the given ``text`` into the text field identified by ``locator``.</doc>
<arguments>
<arg>${txt_username}</arg>
<arg>${username}</arg>
</arguments>
<msg timestamp="20220331 11:36:10.078" level="INFO">Typing text 'Admin' into text field 'id=txtUsername'.</msg>
<status status="PASS" starttime="20220331 11:36:10.078" endtime="20220331 11:36:10.215"></status>
</kw>
<status status="PASS" starttime="20220331 11:36:10.043" endtime="20220331 11:36:10.216"></status>
</kw>
<kw name="input pass" library="home_Logic">
<arguments>
<arg>${invalid_password}</arg>
</arguments>
<kw name="Wait Until Element Is Visible" library="SeleniumLibrary">
<doc>Waits until the element ``locator`` is visible.</doc>
<arguments>
<arg>${txt_password}</arg>
<arg>${timeout}</arg>
</arguments>
<status status="PASS" starttime="20220331 11:36:10.219" endtime="20220331 11:36:10.261"></status>
</kw>
<kw name="Input Text" library="SeleniumLibrary">
<doc>Types the given ``text`` into the text field identified by ``locator``.</doc>
<arguments>
<arg>${txt_password}</arg>
<arg>${password}</arg>
</arguments>
<msg timestamp="20220331 11:36:10.262" level="INFO">Typing text 'admin' into text field 'name=txtPassword'.</msg>
<status status="PASS" starttime="20220331 11:36:10.262" endtime="20220331 11:36:10.395"></status>
</kw>
<status status="PASS" starttime="20220331 11:36:10.217" endtime="20220331 11:36:10.396"></status>
</kw>
<kw name="click button login" library="home_Logic">
<kw name="Click Element" library="SeleniumLibrary">
<doc>Click the element identified by ``locator``.</doc>
<arguments>
<arg>${btn_login}</arg>
</arguments>
<msg timestamp="20220331 11:36:10.400" level="INFO">Clicking element 'xpath=//input[@id='btnLogin']'.</msg>
<status status="PASS" starttime="20220331 11:36:10.399" endtime="20220331 11:36:12.115"></status>
</kw>
<status status="PASS" starttime="20220331 11:36:10.397" endtime="20220331 11:36:12.116"></status>
</kw>
<kw name="invalid credential appear" library="home_Logic">
<arguments>
<arg>${txt_invalid_credential}</arg>
</arguments>
<kw name="Wait Until Page Contains" library="SeleniumLibrary">
<doc>Waits until ``text`` appears on the current page.</doc>
<arguments>
<arg>${txt_invalid}</arg>
<arg>${timeout}</arg>
</arguments>
<status status="PASS" starttime="20220331 11:36:12.123" endtime="20220331 11:36:12.149"></status>
</kw>
<status status="PASS" starttime="20220331 11:36:12.117" endtime="20220331 11:36:12.149"></status>
</kw>
<status status="PASS" starttime="20220331 11:36:10.042" endtime="20220331 11:36:12.150" critical="yes"></status>
</test>
<test id="s1-s1-s1-t2" name="as a user i coult forgot password">
<kw name="click button forgot password" library="home_Logic">
<kw name="Click Element" library="SeleniumLibrary">
<doc>Click the element identified by ``locator``.</doc>
<arguments>
<arg>${btn_forgotpassword}</arg>
</arguments>
<msg timestamp="20220331 11:36:12.155" level="INFO">Clicking element 'xpath=//a[contains(text(),'Forgot your password?')]'.</msg>
<status status="PASS" starttime="20220331 11:36:12.155" endtime="20220331 11:36:13.010"></status>
</kw>
<status status="PASS" starttime="20220331 11:36:12.153" endtime="20220331 11:36:13.011"></status>
</kw>
<kw name="input field username forgot password" library="forgot_password_logic">
<arguments>
<arg>${username_forgot_password}</arg>
</arguments>
<kw name="Wait Until Element Is Visible" library="SeleniumLibrary">
<doc>Waits until the element ``locator`` is visible.</doc>
<arguments>
<arg>${txt_field_forgot}</arg>
<arg>${timeout}</arg>
</arguments>
<status status="PASS" starttime="20220331 11:36:13.012" endtime="20220331 11:36:13.042"></status>
</kw>
<kw name="Input Text" library="SeleniumLibrary">
<doc>Types the given ``text`` into the text field identified by ``locator``.</doc>
<arguments>
<arg>${txt_field_forgot}</arg>
<arg>$${username_forgot_password}</arg>
</arguments>
<msg timestamp="20220331 11:36:13.044" level="INFO">Typing text '$Admin' into text field 'id=securityAuthentication_userName'.</msg>
<status status="PASS" starttime="20220331 11:36:13.043" endtime="20220331 11:36:13.157"></status>
</kw>
<status status="PASS" starttime="20220331 11:36:13.011" endtime="20220331 11:36:13.158"></status>
</kw>
<kw name="click button reset password" library="forgot_password_logic">
<kw name="Click Element" library="SeleniumLibrary">
<doc>Click the element identified by ``locator``.</doc>
<arguments>
<arg>${btn_reset_password}</arg>
</arguments>
<msg timestamp="20220331 11:36:13.161" level="INFO">Clicking element 'id=btnSearchValues'.</msg>
<status status="PASS" starttime="20220331 11:36:13.160" endtime="20220331 11:36:13.841"></status>
</kw>
<status status="PASS" starttime="20220331 11:36:13.159" endtime="20220331 11:36:13.842"></status>
</kw>
<kw name="text contact HR appear" library="forgot_password_logic">
<arguments>
<arg>${txt_contactHR}</arg>
</arguments>
<kw name="Wait Until Page Contains" library="SeleniumLibrary">
<doc>Waits until ``text`` appears on the current page.</doc>
<arguments>
<arg>${txt_contactHR}</arg>
<arg>${timeout}</arg>
</arguments>
<status status="PASS" starttime="20220331 11:36:13.844" endtime="20220331 11:36:13.862"></status>
</kw>
<status status="PASS" starttime="20220331 11:36:13.843" endtime="20220331 11:36:13.862"></status>
</kw>
<kw name="click button cancel" library="forgot_password_logic">
<kw name="Click Element" library="SeleniumLibrary">
<doc>Click the element identified by ``locator``.</doc>
<arguments>
<arg>${cancel_forgot_pass}</arg>
</arguments>
<msg timestamp="20220331 11:36:13.864" level="INFO">Clicking element 'id=btnCancel'.</msg>
<status status="PASS" starttime="20220331 11:36:13.863" endtime="20220331 11:36:14.574"></status>
</kw>
<status status="PASS" starttime="20220331 11:36:13.863" endtime="20220331 11:36:14.575"></status>
</kw>
<status status="PASS" starttime="20220331 11:36:12.151" endtime="20220331 11:36:14.576" critical="yes"></status>
</test>
<test id="s1-s1-s1-t3" name="as a user i could login with valid credential">
<kw name="input username" library="home_Logic">
<arguments>
<arg>${username}</arg>
</arguments>
<kw name="Wait Until Element Is Visible" library="SeleniumLibrary">
<doc>Waits until the element ``locator`` is visible.</doc>
<arguments>
<arg>${txt_username}</arg>
<arg>${timeout}</arg>
</arguments>
<status status="PASS" starttime="20220331 11:36:14.582" endtime="20220331 11:36:14.616"></status>
</kw>
<kw name="Input Text" library="SeleniumLibrary">
<doc>Types the given ``text`` into the text field identified by ``locator``.</doc>
<arguments>
<arg>${txt_username}</arg>
<arg>${username}</arg>
</arguments>
<msg timestamp="20220331 11:36:14.617" level="INFO">Typing text 'Admin' into text field 'id=txtUsername'.</msg>
<status status="PASS" starttime="20220331 11:36:14.616" endtime="20220331 11:36:14.714"></status>
</kw>
<status status="PASS" starttime="20220331 11:36:14.580" endtime="20220331 11:36:14.714"></status>
</kw>
<kw name="input pass" library="home_Logic">
<arguments>
<arg>${password}</arg>
</arguments>
<kw name="Wait Until Element Is Visible" library="SeleniumLibrary">
<doc>Waits until the element ``locator`` is visible.</doc>
<arguments>
<arg>${txt_password}</arg>
<arg>${timeout}</arg>
</arguments>
<status status="PASS" starttime="20220331 11:36:14.716" endtime="20220331 11:36:14.736"></status>
</kw>
<kw name="Input Text" library="SeleniumLibrary">
<doc>Types the given ``text`` into the text field identified by ``locator``.</doc>
<arguments>
<arg>${txt_password}</arg>
<arg>${password}</arg>
</arguments>
<msg timestamp="20220331 11:36:14.737" level="INFO">Typing text 'admin123' into text field 'name=txtPassword'.</msg>
<status status="PASS" starttime="20220331 11:36:14.736" endtime="20220331 11:36:14.833"></status>
</kw>
<status status="PASS" starttime="20220331 11:36:14.715" endtime="20220331 11:36:14.834"></status>
</kw>
<kw name="click button login" library="home_Logic">
<kw name="Click Element" library="SeleniumLibrary">
<doc>Click the element identified by ``locator``.</doc>
<arguments>
<arg>${btn_login}</arg>
</arguments>
<msg timestamp="20220331 11:36:14.836" level="INFO">Clicking element 'xpath=//input[@id='btnLogin']'.</msg>
<status status="PASS" starttime="20220331 11:36:14.836" endtime="20220331 11:36:20.303"></status>
</kw>
<status status="PASS" starttime="20220331 11:36:14.835" endtime="20220331 11:36:20.304"></status>
</kw>
<kw name="wording Employee Distribution by Subunit appear" library="dashboard_logic">
<arguments>
<arg>${txt_employe}</arg>
</arguments>
<kw name="Wait Until Page Contains" library="SeleniumLibrary">
<doc>Waits until ``text`` appears on the current page.</doc>
<arguments>
<arg>${txt_employee}</arg>
</arguments>
<status status="PASS" starttime="20220331 11:36:20.308" endtime="20220331 11:36:20.341"></status>
</kw>
<status status="PASS" starttime="20220331 11:36:20.305" endtime="20220331 11:36:20.342"></status>
</kw>
<kw name="marketplace appear" library="dashboard_logic">
<kw name="Wait Until Element Is Visible" library="SeleniumLibrary">
<doc>Waits until the element ``locator`` is visible.</doc>
<arguments>
<arg>${link marketplace}</arg>
<arg>${timeout}</arg>
</arguments>
<status status="PASS" starttime="20220331 11:36:20.344" endtime="20220331 11:36:20.374"></status>
</kw>
<status status="PASS" starttime="20220331 11:36:20.343" endtime="20220331 11:36:20.375"></status>
</kw>
<status status="PASS" starttime="20220331 11:36:14.578" endtime="20220331 11:36:20.375" critical="yes"></status>
</test>
<kw name="close chrome browser" library="commons" type="teardown">
<kw name="Close Browser" library="SeleniumLibrary">
<doc>Closes the current browser.</doc>
<status status="PASS" starttime="20220331 11:36:20.378" endtime="20220331 11:36:22.588"></status>
</kw>
<status status="PASS" starttime="20220331 11:36:20.377" endtime="20220331 11:36:22.589"></status>
</kw>
<status status="PASS" starttime="20220331 11:36:02.897" endtime="20220331 11:36:22.589"></status>
</suite>
<status status="PASS" starttime="20220331 11:36:02.892" endtime="20220331 11:36:22.600"></status>
</suite>
<status status="PASS" starttime="20220331 11:36:02.856" endtime="20220331 11:36:22.608"></status>
</suite>
<statistics>
<total>
<stat pass="3" fail="0">Critical Tests</stat>
<stat pass="3" fail="0">All Tests</stat>
</total>
<tag>
</tag>
<suite>
<stat pass="3" fail="0" id="s1" name="Automationopenhrm">Automationopenhrm</stat>
<stat pass="3" fail="0" id="s1-s1" name="Test">Automationopenhrm.Test</stat>
<stat pass="3" fail="0" id="s1-s1-s1" name="Regression">Automationopenhrm.Test.Regression</stat>
</suite>
</statistics>
<errors>
</errors>
</robot>
